<?xml version="1.0" encoding="UTF-8"?>
<!-- Generated by org.testng.reporters.JUnitReportReporter -->
<testsuite hostname="DESKTOP-L4B5BN8" failures="0" tests="1" name="seleniumtest.test1" time="9.232" errors="0" timestamp="2025-01-09T08:32:27 IST" skipped="0">
  <testcase classname="seleniumtest.test1" name="testing" time="9.232"/>
</testsuite> <!-- seleniumtest.test1 -->
