<?xml version="1.0" encoding="UTF-8"?>
<!-- Generated by org.testng.reporters.JUnitReportReporter -->
<testsuite hostname="DESKTOP-L4B5BN8" failures="0" tests="2" name="testNGtest.parameterizationsample1" time="19.479" errors="0" timestamp="2025-02-06T08:51:54 IST" skipped="0">
  <testcase classname="testNGtest.parameterizationsample1" name="launchbing" time="6.987"/>
  <testcase classname="testNGtest.parameterizationsample1" name="launchyahoo" time="12.492"/>
</testsuite> <!-- testNGtest.parameterizationsample1 -->
