<?xml version="1.0" encoding="UTF-8"?>
<!-- Generated by org.testng.reporters.JUnitReportReporter -->
<testsuite hostname="DESKTOP-L4B5BN8" failures="0" tests="1" name="testNGtest.parameterizationsample" time="0.013" errors="0" timestamp="2025-02-06T08:30:29 IST" skipped="0">
  <testcase classname="testNGtest.parameterizationsample" name="parameterization" time="0.013"/>
</testsuite> <!-- testNGtest.parameterizationsample -->
