<?xml version="1.0" encoding="UTF-8"?>
<!-- Generated by org.testng.reporters.JUnitReportReporter -->
<testsuite hostname="DESKTOP-L4B5BN8" failures="0" tests="1" name="seleniumtest.windowhandles" time="17.726" errors="0" timestamp="2025-02-07T07:38:16 IST" skipped="0">
  <testcase classname="seleniumtest.windowhandles" name="windowtest" time="17.726"/>
</testsuite> <!-- seleniumtest.windowhandles -->
