<?xml version="1.0" encoding="UTF-8"?>
<!-- Generated by org.testng.reporters.JUnitReportReporter -->
<testsuite hostname="DESKTOP-L4B5BN8" failures="0" tests="4" name="testNGtest.prioritytest" time="0.026" errors="0" timestamp="2025-02-06T13:14:34 IST" skipped="0">
  <testcase classname="testNGtest.prioritytest" name="one" time="0.013"/>
  <testcase classname="testNGtest.prioritytest" name="two" time="0.004"/>
  <testcase classname="testNGtest.prioritytest" name="three" time="0.004"/>
  <testcase classname="testNGtest.prioritytest" name="four" time="0.005"/>
</testsuite> <!-- testNGtest.prioritytest -->
