<?xml version="1.0" encoding="UTF-8"?>
<!-- Generated by org.testng.reporters.JUnitReportReporter -->
<testsuite hostname="DESKTOP-L4B5BN8" failures="0" tests="1" name="seleniumtest.trail" time="20.798" errors="0" timestamp="2025-02-08T12:16:50 IST" skipped="0">
  <testcase classname="seleniumtest.trail" name="testing" time="20.798"/>
</testsuite> <!-- seleniumtest.trail -->
