<?xml version="1.0" encoding="UTF-8"?>
<!-- Generated by org.testng.reporters.JUnitReportReporter -->
<testsuite hostname="DESKTOP-L4B5BN8" failures="0" tests="1" name="seleniumtest.selectableexample" time="20.520" errors="0" timestamp="2025-02-07T08:28:30 IST" skipped="0">
  <testcase classname="seleniumtest.selectableexample" name="shotsample" time="20.520"/>
</testsuite> <!-- seleniumtest.selectableexample -->
