<?xml version="1.0" encoding="UTF-8"?>
<!-- Generated by org.testng.reporters.JUnitReportReporter -->
<testsuite hostname="DESKTOP-L4B5BN8" failures="0" tests="2" name="testNGtest.newtestNG" time="17.874" errors="0" timestamp="2025-02-06T08:21:14 IST" skipped="0">
  <testcase classname="testNGtest.newtestNG" name="launchbing" time="7.550"/>
  <testcase classname="testNGtest.newtestNG" name="launchyahoo" time="10.324"/>
</testsuite> <!-- testNGtest.newtestNG -->
