<?xml version="1.0" encoding="UTF-8"?>
<!-- Generated by org.testng.reporters.JUnitReportReporter -->
<testsuite hostname="DESKTOP-L4B5BN8" failures="0" tests="1" name="seleniumtest.test2" time="20.673" errors="0" timestamp="2025-01-09T08:23:50 IST" skipped="0">
  <testcase classname="seleniumtest.test2" name="testing" time="20.673"/>
</testsuite> <!-- seleniumtest.test2 -->
