<?xml version="1.0" encoding="UTF-8"?>
<!-- Generated by org.testng.reporters.JUnitReportReporter -->
<testsuite hostname="DESKTOP-L4B5BN8" failures="0" tests="2" name="Extentreporttest.browserlaunchtest" time="8.776" errors="0" timestamp="2025-02-21T08:20:13 IST" skipped="0">
  <testcase classname="Extentreporttest.browserlaunchtest" name="launchgoogle" time="2.951"/>
  <testcase classname="Extentreporttest.browserlaunchtest" name="Launchbing" time="5.825"/>
</testsuite> <!-- Extentreporttest.browserlaunchtest -->
