<?xml version="1.0" encoding="UTF-8"?>
<!-- Generated by org.testng.reporters.JUnitReportReporter -->
<testsuite hostname="DESKTOP-L4B5BN8" failures="0" tests="2" name="seleniumtest.basics" time="23.722" errors="0" timestamp="2025-01-07T08:57:23 IST" skipped="0">
  <testcase classname="seleniumtest.basics" name="uitest" time="11.361"/>
  <testcase classname="seleniumtest.basics" name="edge" time="12.361"/>
</testsuite> <!-- seleniumtest.basics -->
