<?xml version="1.0" encoding="UTF-8"?>
<!-- Generated by org.testng.reporters.JUnitReportReporter -->
<testsuite hostname="DESKTOP-L4B5BN8" failures="0" tests="7" name="testNGtest.groupingconcepts" time="9.294" errors="0" timestamp="2025-02-05T21:46:39 IST" skipped="0">
  <testcase classname="testNGtest.groupingconcepts" name="vivo2" time="0.003"/>
  <testcase classname="testNGtest.groupingconcepts" name="launchgoogle" time="9.253"/>
  <testcase classname="testNGtest.groupingconcepts" name="moto2" time="0.011"/>
  <testcase classname="testNGtest.groupingconcepts" name="moto1" time="0.003"/>
  <testcase classname="testNGtest.groupingconcepts" name="mi1" time="0.011"/>
  <testcase classname="testNGtest.groupingconcepts" name="mi2" time="0.010"/>
  <testcase classname="testNGtest.groupingconcepts" name="vivo1" time="0.003"/>
</testsuite> <!-- testNGtest.groupingconcepts -->
