<?xml version="1.0" encoding="UTF-8"?>
<!-- Generated by org.testng.reporters.JUnitReportReporter -->
<testsuite hostname="DESKTOP-L4B5BN8" failures="0" tests="1" name="seleniumtest.scrolloperation" time="11.818" errors="0" timestamp="2025-01-09T08:48:09 IST" skipped="0">
  <testcase classname="seleniumtest.scrolloperation" name="hdd" time="11.818"/>
</testsuite> <!-- seleniumtest.scrolloperation -->
